<?xml version="1.0" encoding="UTF-8"?>	<!--*-mode: xml;-*-->
<!-- Rapicorn Examples
 ! Copyright (C) 2008 Tim Janik
 !
 ! This library is free software; you can redistribute it and/or
 ! modify it under the terms of the GNU Lesser General Public
 ! License as published by the Free Software Foundation; either
 ! version 2.1 of the License, or (at your option) any later version.
 !
 ! This library is distributed in the hope that it will be useful,
 ! but WITHOUT ANY WARRANTY; without even the implied warranty of
 ! MERCHANTABILITY or FITNESS FOR A PARTICULAR PURPOSE.  See the GNU
 ! Lesser General Public License for more details.
 !
 ! A copy of the GNU Lesser General Public License should ship along
 ! with this library; if not, see http://www.gnu.org/copyleft/.
 !-->
<rapicorn-definitions xmlns:arg="http://rapicorn.org/xmlns" xmlns:def="http://rapicorn.org/xmlns" xmlns:prop="http://rapicorn.org/xmlns">

  <!-- list construction -->
  <def:ListArea inherit="Rapicorn::Factory::ItemList"/>
  <def:ListAreaTable inherit="Table" />
  <def:ListRow inherit="Ambience" child-container="ListRowCavity" hexpand="1"
	       normal-background="background" lighting="none" shade="none">
    <HBox id="ListRowCavity"/>
  </def:ListRow>

  <def:item-list inherit="Alignment" >
    <Table>
      <Frame     hposition="0" vposition="2" frame-type="in" hexpand="1" vexpand="1">
	<ListArea/>
      </Frame>
      <Alignment hposition="1" vposition="1" width="1" height="1"/>
      <VSlider   hposition="2" vposition="2" vexpand="0" adjustment-source="ancestry-vertical" />
      <HSlider   hposition="0" vposition="0" hexpand="0" adjustment-source="ancestry-horizontal" />
    </Table>
  </def:item-list>

  <!-- test dialog -->
  <def:test-dialog inherit="Root" width="400" >
    <Ambience normal-lighting="upper-left"> <!-- normal-background="beige" -->
      <Alignment right-padding="5" top-padding="5" left-padding="5" bottom-padding="5">
	<VBox spacing="5" homogeneous="0" >
	  <item-list hspread="1" vspread="1"/>
	  <Button hexpand="1" on-click="Window::close()" > <Label markup-text="Quit"/> </Button>
	</VBox>
      </Alignment>
    </Ambience>
  </def:test-dialog>

</rapicorn-definitions>
