<?xml version="1.0" encoding="UTF-8"?>	<!--*-mode: xml;-*-->
<!-- Licensed GNU LGPL v3 or later: http://www.gnu.org/licenses/lgpl.html -->
<rapicorn-definitions xmlns:tmpl="http://rapicorn.org/xmlns:tmpl">

  <!-- list construction -->
  <tmpl:define id="ListArea" inherit="Rapicorn::Factory::WidgetList"/>
  <tmpl:define id="ListAreaTable" inherit="Table" />
  <tmpl:define id="ListRow" inherit="Ambience" child-container="ListRowCavity" hexpand="1"
	       normal-background="background" lighting="none" shade="none">
    <Frame hexpand="1" frame-type="none" tight-focus="true">
      <HBox id="ListRowCavity"/>
    </Frame>
  </tmpl:define>

  <tmpl:define id="widget-list" inherit="Alignment" >
    <Table>
      <Frame     hposition="0" vposition="2" frame-type="in" hexpand="1" vexpand="1">
	<ListArea/>
      </Frame>
      <Alignment hposition="1" vposition="1" width="1" height="1"/>
      <VSlider   hposition="2" vposition="2" vexpand="0" adjustment-source="ancestry-vertical" />
      <HSlider   hposition="0" vposition="0" hexpand="0" adjustment-source="ancestry-horizontal" />
    </Table>
  </tmpl:define>

  <!-- test dialog -->
  <tmpl:define id="test-dialog" inherit="Window" width="400" >
    <Ambience normal-lighting="upper-left"> <!-- normal-background="beige" -->
      <Alignment right-padding="5" top-padding="5" left-padding="5" bottom-padding="5">
	<VBox spacing="5" homogeneous="0" >
	  <widget-list hspread="1" vspread="1"/>
	  <Button hexpand="1" on-click="Window::close()" > <Label markup-text="Quit"/> </Button>
	</VBox>
      </Alignment>
    </Ambience>
  </tmpl:define>

</rapicorn-definitions>
